<?xml version="1.0" encoding="UTF-8"?>
<testng-results ignored="0" total="1" passed="1" failed="0" skipped="0">
  <reporter-output>
    <line>
      <![CDATA[Browser Opening...]]>
    </line>
    <line>
      <![CDATA[Firefox Browser Opened]]>
    </line>
    <line>
      <![CDATA[Application Opening...]]>
    </line>
    <line>
      <![CDATA[Title of PageGoogle]]>
    </line>
    <line>
      <![CDATA[Browser Closed]]>
    </line>
  </reporter-output>
  <suite started-at="2020-08-28T22:08:26 IST" name="Default suite" finished-at="2020-08-28T22:08:45 IST" duration-ms="19465">
    <groups>
    </groups>
    <test started-at="2020-08-28T22:08:26 IST" name="Default test" finished-at="2020-08-28T22:08:45 IST" duration-ms="19465">
      <class name="testngexamples.LoggingwithTestNG">
        <test-method signature="test()[pri:0, instance:testngexamples.LoggingwithTestNG@3349e9bb]" started-at="2020-08-28T22:08:26 IST" name="test" finished-at="2020-08-28T22:08:45 IST" duration-ms="19414" status="PASS">
          <reporter-output>
            <line>
              <![CDATA[Browser Opening...]]>
            </line>
            <line>
              <![CDATA[Firefox Browser Opened]]>
            </line>
            <line>
              <![CDATA[Application Opening...]]>
            </line>
            <line>
              <![CDATA[Title of PageGoogle]]>
            </line>
            <line>
              <![CDATA[Browser Closed]]>
            </line>
          </reporter-output>
        </test-method> <!-- test -->
      </class> <!-- testngexamples.LoggingwithTestNG -->
    </test> <!-- Default test -->
  </suite> <!-- Default suite -->
</testng-results>
