<?xml version="1.0" encoding="UTF-8"?>
<testng-results ignored="0" total="1" passed="1" failed="0" skipped="0">
  <reporter-output>
  </reporter-output>
  <suite started-at="2020-08-22T18:45:05 IST" name="Default suite" finished-at="2020-08-22T18:45:17 IST" duration-ms="12075">
    <groups>
    </groups>
    <test started-at="2020-08-22T18:45:05 IST" name="Default test" finished-at="2020-08-22T18:45:17 IST" duration-ms="12075">
      <class name="fileuploadanddownload.DownloadFile">
        <test-method signature="Download()[pri:0, instance:fileuploadanddownload.DownloadFile@131774fe]" started-at="2020-08-22T18:45:05 IST" name="Download" finished-at="2020-08-22T18:45:17 IST" duration-ms="12018" status="PASS">
          <reporter-output>
          </reporter-output>
        </test-method> <!-- Download -->
      </class> <!-- fileuploadanddownload.DownloadFile -->
    </test> <!-- Default test -->
  </suite> <!-- Default suite -->
</testng-results>
